Cases/taggedTemplatesWithIncompleteTemplateExpressions4.ts(7,1): error TS2346: Supplied parameters do not match any signature of call target.
Cases/taggedTemplatesWithIncompleteTemplateExpressions4.ts(7,24): error TS1109: Expression expected.
Cases/taggedTemplatesWithIncompleteTemplateExpressions4.ts(7,28): error TS1109: Expression expected.


==== Cases/taggedTemplatesWithIncompleteTemplateExpressions4.ts (3 errors) ====
    // @target: es6
    
    function f(x: TemplateStringsArray, y: string, z: string) {
    }
    
    // Incomplete call, but too many parameters.
    f `123qdawdrqw${ 1 }${ }${ 
    ~~~~~~~~~~~~~~~~~~~~~~~~~~
!!! error TS2346: Supplied parameters do not match any signature of call target.
                           ~
!!! error TS1109: Expression expected.
                               
!!! error TS1109: Expression expected.