Cases/taggedTemplatesWithIncompleteTemplateExpressions1.ts(7,17): error TS1109: Expression expected.


==== Cases/taggedTemplatesWithIncompleteTemplateExpressions1.ts (1 errors) ====
    // @target: es6
    
    function f(x: TemplateStringsArray, y: string, z: string) {
    }
    
    // Incomplete call, not enough parameters.
    f `123qdawdrqw${
                    
!!! error TS1109: Expression expected.